TN:
SF:/code/src/app/AppRouter.js
FN:9,(anonymous_0)
FN:14,(anonymous_2)
FN:27,(anonymous_4)
FNF:3
FNH:0
FNDA:0,(anonymous_0)
FNDA:0,(anonymous_2)
FNDA:0,(anonymous_4)
DA:1,0
DA:9,0
DA:14,0
DA:27,0
LF:4
LH:0
BRF:0
BRH:0
end_of_record
TN:
SF:/code/src/app/Commercial/CommercialRouter.js
FN:5,(anonymous_0)
FN:13,(anonymous_2)
FN:18,(anonymous_4)
FN:23,(anonymous_6)
FNF:4
FNH:0
FNDA:0,(anonymous_0)
FNDA:0,(anonymous_2)
FNDA:0,(anonymous_4)
FNDA:0,(anonymous_6)
DA:5,0
DA:13,0
DA:18,0
DA:23,0
LF:4
LH:0
BRF:0
BRH:0
end_of_record
TN:
SF:/code/src/app/Commercial/Purchases/PurchasesForm.vue
FNF:0
FNH:0
DA:8,0
DA:9,0
DA:10,0
LF:3
LH:0
BRF:0
BRH:0
end_of_record
TN:
SF:/code/src/app/Commercial/Purchases/PurchasesList.vue
FNF:0
FNH:0
DA:8,0
DA:9,0
LF:2
LH:0
BRF:0
BRH:0
end_of_record
TN:
SF:/code/src/app/Commercial/Sales/SalesList.vue
FN:120,(anonymous_1)
FNF:1
FNH:0
FNDA:0,(anonymous_1)
DA:33,0
DA:34,0
DA:35,0
DA:36,0
DA:47,0
DA:113,0
DA:116,0
DA:119,0
DA:120,0
DA:123,0
DA:124,0
LF:11
LH:0
BRDA:123,0,0,0
BRDA:123,0,1,0
BRF:2
BRH:0
end_of_record
TN:
SF:/code/src/app/Financial/FinancialRouter.js
FN:5,(anonymous_0)
FN:10,(anonymous_2)
FN:15,(anonymous_4)
FN:20,(anonymous_6)
FN:25,(anonymous_8)
FN:30,(anonymous_10)
FNF:6
FNH:0
FNDA:0,(anonymous_0)
FNDA:0,(anonymous_2)
FNDA:0,(anonymous_4)
FNDA:0,(anonymous_6)
FNDA:0,(anonymous_8)
FNDA:0,(anonymous_10)
DA:5,0
DA:10,0
DA:15,0
DA:20,0
DA:25,0
DA:30,0
LF:6
LH:0
BRF:0
BRH:0
end_of_record
TN:
SF:/code/src/app/Home/Home.vue
FNF:0
FNH:0
DA:7,0
LF:1
LH:0
BRF:0
BRH:0
end_of_record
TN:
SF:/code/src/app/Home/Layout/Layout.vue
FNF:0
FNH:0
DA:12,0
DA:13,0
DA:14,0
LF:3
LH:0
BRF:0
BRH:0
end_of_record
TN:
SF:/code/src/app/Home/Layout/components/Leftbar.vue
FNF:0
FNH:0
DA:77,0
DA:78,0
DA:86,0
DA:97,0
DA:101,0
DA:102,0
DA:105,0
DA:106,0
LF:8
LH:0
BRF:0
BRH:0
end_of_record
TN:
SF:/code/src/app/Home/Layout/components/Page.vue
FNF:0
FNH:0
DA:16,0
LF:1
LH:0
BRF:0
BRH:0
end_of_record
TN:
SF:/code/src/app/Home/Layout/components/Topbar.vue
FN:24,(anonymous_1)
FNF:1
FNH:0
FNDA:0,(anonymous_1)
DA:16,0
DA:23,0
DA:24,0
DA:25,0
DA:26,0
LF:5
LH:0
BRDA:25,0,0,0
BRDA:25,0,1,0
BRF:2
BRH:0
end_of_record
TN:
SF:/code/src/app/Login/Login.vue
FNF:0
FNH:0
DA:37,0
DA:38,0
DA:39,0
DA:48,0
LF:4
LH:0
BRF:0
BRH:0
end_of_record
TN:
SF:/code/src/app/Login/Recover.vue
FN:56,(anonymous_1)
FN:59,(anonymous_2)
FNF:2
FNH:0
FNDA:0,(anonymous_1)
FNDA:0,(anonymous_2)
DA:35,0
DA:36,0
DA:37,0
DA:38,0
DA:47,0
DA:56,0
DA:58,0
DA:61,0
DA:65,0
LF:9
LH:0
BRF:0
BRH:0
end_of_record
TN:
SF:/code/src/app/Registration/RegistrationRouter.js
FN:5,(anonymous_0)
FN:10,(anonymous_2)
FNF:2
FNH:0
FNDA:0,(anonymous_0)
FNDA:0,(anonymous_2)
DA:5,0
DA:10,0
LF:2
LH:0
BRF:0
BRH:0
end_of_record
TN:
SF:/code/src/app/Registration/Customers/Customers.vue
FN:100,(anonymous_1)
FN:108,(anonymous_2)
FN:113,(anonymous_3)
FNF:3
FNH:0
FNDA:0,(anonymous_1)
FNDA:0,(anonymous_2)
FNDA:0,(anonymous_3)
DA:48,0
DA:49,0
DA:50,0
DA:59,0
DA:71,0
DA:72,0
DA:76,0
DA:97,0
DA:100,0
DA:108,0
DA:111,0
DA:112,0
DA:115,0
LF:13
LH:0
BRF:0
BRH:0
end_of_record
TN:
SF:/code/src/app/Registration/Customers/headers.js
FNF:0
FNH:0
DA:1,0
LF:1
LH:0
BRF:0
BRH:0
end_of_record
TN:
SF:/code/src/app/Registration/Providers/Providers.vue
FN:100,(anonymous_1)
FN:108,(anonymous_2)
FN:113,(anonymous_3)
FNF:3
FNH:0
FNDA:0,(anonymous_1)
FNDA:0,(anonymous_2)
FNDA:0,(anonymous_3)
DA:48,0
DA:49,0
DA:50,0
DA:59,0
DA:71,0
DA:72,0
DA:76,0
DA:97,0
DA:100,0
DA:108,0
DA:111,0
DA:112,0
DA:115,0
LF:13
LH:0
BRF:0
BRH:0
end_of_record
TN:
SF:/code/src/domain/Address/adress.js
FN:4,(anonymous_0)
FN:5,(anonymous_1)
FN:8,(anonymous_2)
FN:10,(anonymous_3)
FN:16,(anonymous_4)
FN:17,(anonymous_5)
FN:20,(anonymous_6)
FN:22,(anonymous_7)
FNF:8
FNH:0
FNDA:0,(anonymous_0)
FNDA:0,(anonymous_1)
FNDA:0,(anonymous_2)
FNDA:0,(anonymous_3)
FNDA:0,(anonymous_4)
FNDA:0,(anonymous_5)
FNDA:0,(anonymous_6)
FNDA:0,(anonymous_7)
DA:1,0
DA:5,0
DA:6,0
DA:9,0
DA:11,0
DA:17,0
DA:18,0
DA:21,0
DA:23,0
LF:9
LH:0
BRF:0
BRH:0
end_of_record
TN:
SF:/code/src/domain/Address/adress.service.js
FN:4,(anonymous_0)
FN:8,(anonymous_1)
FNF:2
FNH:0
FNDA:0,(anonymous_0)
FNDA:0,(anonymous_1)
DA:1,0
DA:5,0
DA:9,0
LF:3
LH:0
BRF:0
BRH:0
end_of_record
TN:
SF:/code/src/domain/Commercial/Purchase/purchase.js
FN:4,(anonymous_0)
FN:24,(anonymous_1)
FN:28,(anonymous_2)
FN:29,(anonymous_3)
FN:32,(anonymous_4)
FN:35,(anonymous_5)
FN:37,(anonymous_6)
FN:43,(anonymous_7)
FN:44,(anonymous_8)
FN:47,(anonymous_9)
FN:51,(anonymous_10)
FN:57,(anonymous_11)
FNF:12
FNH:0
FNDA:0,(anonymous_0)
FNDA:0,(anonymous_1)
FNDA:0,(anonymous_2)
FNDA:0,(anonymous_3)
FNDA:0,(anonymous_4)
FNDA:0,(anonymous_5)
FNDA:0,(anonymous_6)
FNDA:0,(anonymous_7)
FNDA:0,(anonymous_8)
FNDA:0,(anonymous_9)
FNDA:0,(anonymous_10)
FNDA:0,(anonymous_11)
DA:1,0
DA:14,0
DA:25,0
DA:29,0
DA:30,0
DA:33,0
DA:34,0
DA:35,0
DA:36,0
DA:38,0
DA:44,0
DA:45,0
DA:48,0
DA:49,0
DA:50,0
DA:52,0
DA:58,0
LF:17
LH:0
BRDA:6,0,0,0
BRDA:7,1,0,0
BRDA:8,2,0,0
BRDA:9,3,0,0
BRDA:10,4,0,0
BRDA:11,5,0,0
BRDA:24,6,0,0
BRF:7
BRH:0
end_of_record
TN:
SF:/code/src/domain/Commercial/Purchase/purchase.service.js
FN:4,(anonymous_0)
FN:8,(anonymous_1)
FNF:2
FNH:0
FNDA:0,(anonymous_0)
FNDA:0,(anonymous_1)
DA:1,0
DA:5,0
DA:9,0
LF:3
LH:0
BRF:0
BRH:0
end_of_record
TN:
SF:/code/src/domain/Login/login.js
FN:6,(anonymous_0)
FN:7,(anonymous_1)
FN:10,(anonymous_2)
FN:14,(anonymous_3)
FN:20,(anonymous_4)
FN:21,(anonymous_5)
FN:24,(anonymous_6)
FN:26,(anonymous_7)
FN:32,(anonymous_8)
FN:36,(anonymous_9)
FNF:10
FNH:0
FNDA:0,(anonymous_0)
FNDA:0,(anonymous_1)
FNDA:0,(anonymous_2)
FNDA:0,(anonymous_3)
FNDA:0,(anonymous_4)
FNDA:0,(anonymous_5)
FNDA:0,(anonymous_6)
FNDA:0,(anonymous_7)
FNDA:0,(anonymous_8)
FNDA:0,(anonymous_9)
DA:1,0
DA:3,0
DA:7,0
DA:8,0
DA:11,0
DA:12,0
DA:13,0
DA:15,0
DA:21,0
DA:22,0
DA:25,0
DA:27,0
DA:33,0
DA:37,0
LF:14
LH:0
BRF:0
BRH:0
end_of_record
TN:
SF:/code/src/domain/Login/login.service.js
FN:4,(anonymous_0)
FN:8,(anonymous_1)
FNF:2
FNH:0
FNDA:0,(anonymous_0)
FNDA:0,(anonymous_1)
DA:1,0
DA:5,0
DA:9,0
LF:3
LH:0
BRF:0
BRH:0
end_of_record
TN:
SF:/code/src/support/components/buttons/BtnAction.vue
FNF:0
FNH:0
DA:14,1
LF:1
LH:1
BRF:0
BRH:0
end_of_record
TN:
SF:/code/src/support/components/buttons/BtnIcon.vue
FNF:0
FNH:0
DA:14,1
LF:1
LH:1
BRF:0
BRH:0
end_of_record
TN:
SF:/code/src/support/components/buttons/BtnTemplate.vue
FNF:0
FNH:0
DA:35,4
LF:1
LH:1
BRF:0
BRH:0
end_of_record
TN:
SF:/code/src/support/components/buttons/BtnText.vue
FNF:0
FNH:0
DA:15,1
LF:1
LH:1
BRF:0
BRH:0
end_of_record
TN:
SF:/code/src/support/components/inputs/SelectCity.vue
FN:25,(anonymous_1)
FN:49,(anonymous_2)
FN:74,(anonymous_3)
FN:80,(anonymous_4)
FNF:4
FNH:0
FNDA:0,(anonymous_1)
FNDA:0,(anonymous_2)
FNDA:0,(anonymous_3)
FNDA:0,(anonymous_4)
DA:18,0
DA:45,0
DA:50,0
DA:51,0
DA:53,0
DA:61,0
DA:64,0
DA:69,0
DA:73,0
DA:74,0
DA:77,0
DA:78,0
DA:79,0
DA:81,0
DA:82,0
DA:86,0
DA:91,0
LF:17
LH:0
BRDA:50,0,0,0
BRDA:50,0,1,0
BRDA:50,1,0,0
BRDA:50,1,1,0
BRF:4
BRH:0
end_of_record
TN:
SF:/code/src/support/components/inputs/SelectPage.vue
FNF:0
FNH:0
DA:30,0
DA:37,0
DA:40,0
DA:46,0
LF:4
LH:0
BRDA:37,0,0,0
BRDA:37,0,1,0
BRF:2
BRH:0
end_of_record
TN:
SF:/code/src/support/components/inputs/SelectState.vue
FN:25,(anonymous_1)
FN:45,(anonymous_2)
FN:70,(anonymous_3)
FN:76,(anonymous_4)
FNF:4
FNH:0
FNDA:0,(anonymous_1)
FNDA:0,(anonymous_2)
FNDA:0,(anonymous_3)
FNDA:0,(anonymous_4)
DA:18,0
DA:41,0
DA:46,0
DA:47,0
DA:49,0
DA:57,0
DA:60,0
DA:65,0
DA:69,0
DA:70,0
DA:73,0
DA:74,0
DA:75,0
DA:77,0
DA:78,0
DA:82,0
LF:16
LH:0
BRDA:46,0,0,0
BRDA:46,0,1,0
BRDA:46,1,0,0
BRDA:46,1,1,0
BRF:4
BRH:0
end_of_record
TN:
SF:/code/src/support/components/inputs/TextFieldCnpj.vue
FN:39,(anonymous_1)
FN:45,(anonymous_2)
FNF:2
FNH:0
FNDA:0,(anonymous_1)
FNDA:0,(anonymous_2)
DA:13,0
DA:37,0
DA:40,0
DA:41,0
DA:43,0
DA:46,0
DA:47,0
DA:49,0
DA:57,0
DA:60,0
LF:10
LH:0
BRDA:40,0,0,0
BRDA:40,0,1,0
BRDA:40,1,0,0
BRDA:40,1,1,0
BRDA:46,2,0,0
BRDA:46,2,1,0
BRDA:46,3,0,0
BRDA:46,3,1,0
BRF:8
BRH:0
end_of_record
TN:
SF:/code/src/support/components/inputs/TextFieldCpf.vue
FN:39,(anonymous_1)
FN:45,(anonymous_2)
FNF:2
FNH:0
FNDA:0,(anonymous_1)
FNDA:0,(anonymous_2)
DA:13,0
DA:37,0
DA:40,0
DA:41,0
DA:43,0
DA:46,0
DA:47,0
DA:49,0
DA:57,0
DA:60,0
LF:10
LH:0
BRDA:40,0,0,0
BRDA:40,0,1,0
BRDA:40,1,0,0
BRDA:40,1,1,0
BRDA:46,2,0,0
BRDA:46,2,1,0
BRDA:46,3,0,0
BRDA:46,3,1,0
BRF:8
BRH:0
end_of_record
TN:
SF:/code/src/support/components/inputs/TextFieldEmail.vue
FN:35,(anonymous_1)
FN:41,(anonymous_2)
FNF:2
FNH:0
FNDA:0,(anonymous_1)
FNDA:0,(anonymous_2)
DA:33,0
DA:36,0
DA:37,0
DA:39,0
DA:42,0
DA:43,0
DA:44,0
DA:46,0
DA:54,0
DA:57,0
LF:10
LH:0
BRDA:36,0,0,0
BRDA:36,0,1,0
BRDA:36,1,0,0
BRDA:36,1,1,0
BRDA:43,2,0,0
BRDA:43,2,1,0
BRDA:43,3,0,0
BRDA:43,3,1,0
BRF:8
BRH:0
end_of_record
TN:
SF:/code/src/support/components/inputs/TextFieldPassword.vue
FN:43,(anonymous_1)
FN:49,(anonymous_2)
FNF:2
FNH:0
FNDA:0,(anonymous_1)
FNDA:0,(anonymous_2)
DA:40,0
DA:44,0
DA:45,0
DA:47,0
DA:50,0
DA:51,0
DA:53,0
DA:61,0
DA:64,0
LF:9
LH:0
BRDA:44,0,0,0
BRDA:44,0,1,0
BRDA:44,1,0,0
BRDA:44,1,1,0
BRDA:50,2,0,0
BRDA:50,2,1,0
BRDA:50,3,0,0
BRDA:50,3,1,0
BRF:8
BRH:0
end_of_record
TN:
SF:/code/src/support/components/pages/DataTable.vue
FN:67,(anonymous_1)
FN:71,(anonymous_2)
FNF:2
FNH:0
FNDA:0,(anonymous_1)
FNDA:0,(anonymous_2)
DA:55,0
DA:56,0
DA:67,0
DA:89,0
DA:96,0
DA:99,0
DA:103,0
DA:104,0
DA:108,0
DA:111,0
DA:112,0
DA:117,0
DA:120,0
DA:121,0
DA:127,0
DA:130,0
LF:16
LH:0
BRDA:108,0,0,0
BRDA:108,0,1,0
BRDA:117,1,0,0
BRDA:117,1,1,0
BRF:4
BRH:0
end_of_record
TN:
SF:/code/src/support/components/pages/DisplaysText.vue
FN:20,(anonymous_1)
FN:25,(anonymous_2)
FN:30,(anonymous_3)
FNF:3
FNH:0
FNDA:0,(anonymous_1)
FNDA:0,(anonymous_2)
FNDA:0,(anonymous_3)
DA:20,0
DA:25,0
DA:30,0
DA:49,0
DA:50,0
DA:51,0
DA:53,0
DA:58,0
DA:59,0
DA:60,0
DA:61,0
DA:62,0
DA:63,0
DA:68,0
DA:69,0
DA:70,0
DA:73,0
DA:83,0
DA:93,0
DA:101,0
LF:20
LH:0
BRDA:20,0,0,0
BRDA:20,0,1,0
BRDA:25,1,0,0
BRDA:25,1,1,0
BRDA:30,2,0,0
BRDA:30,2,1,0
BRDA:50,3,0,0
BRDA:50,3,1,0
BRDA:50,4,0,0
BRDA:50,4,1,0
BRDA:69,5,0,0
BRDA:69,5,1,0
BRDA:101,6,0,0
BRDA:101,6,1,0
BRF:14
BRH:0
end_of_record
TN:
SF:/code/src/support/filters/cpf.js
FN:2,formataCpf
FNF:1
FNH:0
FNDA:0,formataCpf
DA:3,0
DA:4,0
DA:7,0
LF:3
LH:0
BRDA:3,0,0,0
BRDA:3,0,1,0
BRDA:3,1,0,0
BRDA:3,1,1,0
BRF:4
BRH:0
end_of_record
TN:
SF:/code/src/support/filters/date.js
FN:3,formataData
FN:11,parseData
FNF:2
FNH:0
FNDA:0,formataData
FNDA:0,parseData
DA:1,0
DA:4,0
DA:5,0
DA:8,0
DA:12,0
DA:13,0
DA:16,0
LF:7
LH:0
BRDA:4,0,0,0
BRDA:4,0,1,0
BRDA:12,1,0,0
BRDA:12,1,1,0
BRF:4
BRH:0
end_of_record
TN:
SF:/code/src/support/filters/phone.js
FN:2,formataTelefone
FNF:1
FNH:0
FNDA:0,formataTelefone
DA:3,0
DA:4,0
DA:7,0
DA:8,0
DA:9,0
DA:10,0
DA:12,0
DA:13,0
DA:14,0
DA:15,0
DA:16,0
DA:17,0
DA:18,0
DA:19,0
DA:20,0
DA:21,0
DA:24,0
LF:17
LH:0
BRDA:3,0,0,0
BRDA:3,0,1,0
BRDA:3,1,0,0
BRDA:3,1,1,0
BRDA:3,1,2,0
BRDA:12,2,0,0
BRDA:12,2,1,0
BRDA:16,3,0,0
BRDA:16,3,1,0
BRF:9
BRH:0
end_of_record
TN:
SF:/code/src/support/plugins/notifications.js
FN:15,(anonymous_0)
FN:17,(anonymous_1)
FNF:2
FNH:0
FNDA:0,(anonymous_0)
FNDA:0,(anonymous_1)
DA:4,0
DA:12,0
DA:15,0
DA:16,0
DA:17,0
DA:18,0
DA:23,0
DA:31,0
DA:37,0
DA:46,0
LF:10
LH:0
BRDA:33,0,0,0
BRF:1
BRH:0
end_of_record
TN:
SF:/code/src/support/plugins/vuetify.js
FNF:0
FNH:0
DA:1,0
DA:2,0
DA:3,0
DA:5,0
LF:4
LH:0
BRF:0
BRH:0
end_of_record
TN:
SF:/code/src/support/services/http.service.js
FN:8,(anonymous_0)
FNF:1
FNH:0
FNDA:0,(anonymous_0)
DA:1,0
DA:2,0
DA:4,0
DA:8,0
DA:9,0
DA:10,0
DA:11,0
DA:12,0
DA:14,0
LF:9
LH:0
BRDA:11,0,0,0
BRDA:11,0,1,0
BRF:2
BRH:0
end_of_record
